<?xml version="1.0" encoding="utf-8" standalone="no"?>
<!--This file represents the results of running a test suite-->
<test-results name="\\Mac\Home\Desktop\Oncf_Ut\Oncf_Ut\bin\Debug\Silver-J.exe" total="0" errors="0" failures="0" not-run="0" inconclusive="0" ignored="0" skipped="0" invalid="0" date="2022-06-08" time="16:06:30">
  <environment nunit-version="2.7.1.0" clr-version="4.0.30319.42000" os-version="Microsoft Windows NT 6.2.9200.0" platform="Win32NT" cwd="\\Mac\Home\Desktop\Oncf_Ut\Oncf_Ut\bin\Debug" machine-name="SABRIAYMANE29BD" user="sabriaymane" user-domain="SABRIAYMANE29BD" />
  <culture-info current-culture="fr-MA" current-uiculture="en-US" />
  <test-suite type="Assembly" name="\\Mac\Home\Desktop\Oncf_Ut\Oncf_Ut\bin\Debug\Silver-J.exe" executed="True" result="Inconclusive" success="False" time="0.012" asserts="0" />
</test-results>